<?xml version="1.0" encoding="UTF-8"?>
<!-- Generated by org.testng.reporters.JUnitXMLReporter -->
<testsuite ignored="0" hostname="DESKTOP-KU2KOEA" failures="0" tests="6" name="Default test" time="119.835" errors="0" timestamp="2022-05-31T11:29:20 EDT">
  <testcase classname="tests.AddToCartTest" name="OpenSearchBox" time="3.39"/>
  <testcase classname="tests.AddToCartTest" name="listAllOption" time="5.34"/>
  <testcase classname="tests.AddToCartTest" name="openBooksPage" time="10.289"/>
  <testcase classname="tests.AddToCartTest" name="clickOnCartPage" time="14.757"/>
  <testcase classname="tests.AddToCartTest" name="clickOnAddToCartButton" time="15.796"/>
  <testcase classname="tests.AddToCartTest" name="verifyCart" time="18.517"/>
</testsuite> <!-- Default test -->
